<?xml version="1.0" encoding="utf-8"?>
<coverage line-rate="0.9675" branch-rate="0.9358" version="1.9" timestamp="1775671167" lines-covered="179" lines-valid="185" branches-covered="73" branches-valid="78">
  <sources>
    <source>C:\Users\joseluisgs\Projects\Entornos\UD07\soluciones\04-TestDobles\TestDobles\</source>
  </sources>
  <packages>
    <package name="TestDobles" line-rate="0.9675" branch-rate="0.9358" complexity="102">
      <classes>
        <class name="Program" filename="Program.cs" line-rate="0" branch-rate="1" complexity="1">
          <methods>
            <method name="&lt;Main&gt;$" signature="(System.String[])" line-rate="0" branch-rate="1" complexity="1">
              <lines>
                <line number="1" hits="0" branch="False" />
              </lines>
            </method>
          </methods>
          <lines>
            <line number="1" hits="0" branch="False" />
          </lines>
        </class>
        <class name="TestDobles.Validators.PersonaValidator" filename="Validators\PersonaValidator.cs" line-rate="0.9479000000000001" branch-rate="0.9" complexity="51">
          <methods>
            <method name="Validar" signature="(TestDobles.Models.Persona)" line-rate="1" branch-rate="1" complexity="1">
              <lines>
                <line number="7" hits="28" branch="False" />
                <line number="8" hits="28" branch="False" />
                <line number="10" hits="28" branch="False" />
                <line number="11" hits="28" branch="False" />
                <line number="12" hits="28" branch="False" />
                <line number="13" hits="28" branch="False" />
                <line number="14" hits="28" branch="False" />
                <line number="15" hits="28" branch="False" />
                <line number="17" hits="28" branch="False" />
                <line number="18" hits="28" branch="False" />
              </lines>
            </method>
            <method name="ValidarNombre" signature="(System.String)" line-rate="0.9" branch-rate="0.8332999999999999" complexity="6">
              <lines>
                <line number="20" hits="28" branch="False" />
                <line number="21" hits="28" branch="False" />
                <line number="23" hits="28" branch="True" condition-coverage="100% (2/2)">
                  <conditions>
                    <condition number="15" type="jump" coverage="100%" />
                  </conditions>
                </line>
                <line number="24" hits="2" branch="False" />
                <line number="25" hits="26" branch="True" condition-coverage="100% (2/2)">
                  <conditions>
                    <condition number="42" type="jump" coverage="100%" />
                  </conditions>
                </line>
                <line number="26" hits="1" branch="False" />
                <line number="27" hits="25" branch="True" condition-coverage="50% (1/2)">
                  <conditions>
                    <condition number="70" type="jump" coverage="50%" />
                  </conditions>
                </line>
                <line number="28" hits="0" branch="False" />
                <line number="30" hits="28" branch="False" />
                <line number="31" hits="28" branch="False" />
              </lines>
            </method>
            <method name="ValidarEmail" signature="(System.String)" line-rate="0.9411" branch-rate="0.8332999999999999" complexity="12">
              <lines>
                <line number="33" hits="28" branch="False" />
                <line number="34" hits="28" branch="False" />
                <line number="36" hits="29" branch="True" condition-coverage="100% (2/2)">
                  <conditions>
                    <condition number="15" type="jump" coverage="100%" />
                  </conditions>
                </line>
                <line number="37" hits="1" branch="False" />
                <line number="38" hits="1" branch="False" />
                <line number="39" hits="27" branch="False" />
                <line number="40" hits="27" branch="True" condition-coverage="100% (2/2)">
                  <conditions>
                    <condition number="53" type="jump" coverage="100%" />
                  </conditions>
                </line>
                <line number="41" hits="2" branch="False" />
                <line number="42" hits="27" branch="True" condition-coverage="100% (2/2)">
                  <conditions>
                    <condition number="83" type="jump" coverage="100%" />
                  </conditions>
                </line>
                <line number="43" hits="2" branch="False" />
                <line number="44" hits="27" branch="True" condition-coverage="50% (2/4)">
                  <conditions>
                    <condition number="108" type="jump" coverage="50%" />
                    <condition number="128" type="jump" coverage="50%" />
                  </conditions>
                </line>
                <line number="45" hits="0" branch="False" />
                <line number="46" hits="27" branch="True" condition-coverage="100% (2/2)">
                  <conditions>
                    <condition number="170" type="jump" coverage="100%" />
                  </conditions>
                </line>
                <line number="47" hits="1" branch="False" />
                <line number="48" hits="27" branch="False" />
                <line number="50" hits="28" branch="False" />
                <line number="51" hits="28" branch="False" />
              </lines>
            </method>
            <method name="ValidarPassword" signature="(System.String)" line-rate="0.8571" branch-rate="0.8571" complexity="14">
              <lines>
                <line number="53" hits="28" branch="False" />
                <line number="54" hits="28" branch="False" />
                <line number="56" hits="28" branch="True" condition-coverage="50% (1/2)">
                  <conditions>
                    <condition number="15" type="jump" coverage="50%" />
                  </conditions>
                </line>
                <line number="57" hits="0" branch="False" />
                <line number="58" hits="0" branch="False" />
                <line number="59" hits="28" branch="False" />
                <line number="60" hits="28" branch="True" condition-coverage="100% (2/2)">
                  <conditions>
                    <condition number="48" type="jump" coverage="100%" />
                  </conditions>
                </line>
                <line number="61" hits="2" branch="False" />
                <line number="62" hits="28" branch="True" condition-coverage="50% (1/2)">
                  <conditions>
                    <condition number="74" type="jump" coverage="50%" />
                  </conditions>
                </line>
                <line number="63" hits="0" branch="False" />
                <line number="64" hits="28" branch="True" condition-coverage="100% (2/2)">
                  <conditions>
                    <condition number="128" type="jump" coverage="100%" />
                  </conditions>
                </line>
                <line number="65" hits="2" branch="False" />
                <line number="66" hits="28" branch="True" condition-coverage="100% (2/2)">
                  <conditions>
                    <condition number="182" type="jump" coverage="100%" />
                  </conditions>
                </line>
                <line number="67" hits="1" branch="False" />
                <line number="68" hits="28" branch="True" condition-coverage="100% (2/2)">
                  <conditions>
                    <condition number="236" type="jump" coverage="100%" />
                  </conditions>
                </line>
                <line number="69" hits="2" branch="False" />
                <line number="70" hits="302" branch="True" condition-coverage="100% (2/2)">
                  <conditions>
                    <condition number="294" type="jump" coverage="100%" />
                  </conditions>
                </line>
                <line number="71" hits="2" branch="False" />
                <line number="72" hits="28" branch="False" />
                <line number="74" hits="28" branch="False" />
                <line number="75" hits="28" branch="False" />
              </lines>
            </method>
            <method name="ValidarDNI" signature="(System.String)" line-rate="1" branch-rate="1" complexity="10">
              <lines>
                <line number="77" hits="28" branch="False" />
                <line number="78" hits="28" branch="False" />
                <line number="80" hits="29" branch="True" condition-coverage="100% (2/2)">
                  <conditions>
                    <condition number="17" type="jump" coverage="100%" />
                  </conditions>
                </line>
                <line number="81" hits="1" branch="False" />
                <line number="82" hits="1" branch="False" />
                <line number="85" hits="29" branch="True" condition-coverage="100% (2/2)">
                  <conditions>
                    <condition number="57" type="jump" coverage="100%" />
                  </conditions>
                </line>
                <line number="86" hits="2" branch="False" />
                <line number="87" hits="2" branch="False" />
                <line number="90" hits="25" branch="False" />
                <line number="91" hits="25" branch="False" />
                <line number="93" hits="26" branch="True" condition-coverage="100% (2/2)">
                  <conditions>
                    <condition number="120" type="jump" coverage="100%" />
                  </conditions>
                </line>
                <line number="94" hits="1" branch="False" />
                <line number="95" hits="1" branch="False" />
                <line number="98" hits="24" branch="False" />
                <line number="99" hits="48" branch="True" condition-coverage="100% (2/2)">
                  <conditions>
                    <condition number="158" type="jump" coverage="100%" />
                  </conditions>
                </line>
                <line number="100" hits="24" branch="False" />
                <line number="101" hits="24" branch="False" />
                <line number="102" hits="24" branch="True" condition-coverage="100% (2/2)">
                  <conditions>
                    <condition number="190" type="jump" coverage="100%" />
                  </conditions>
                </line>
                <line number="103" hits="16" branch="False" />
                <line number="104" hits="24" branch="False" />
                <line number="106" hits="24" branch="False" />
                <line number="107" hits="28" branch="False" />
              </lines>
            </method>
            <method name="ValidarEdad" signature="(System.Int32)" line-rate="1" branch-rate="1" complexity="4">
              <lines>
                <line number="109" hits="28" branch="False" />
                <line number="110" hits="28" branch="False" />
                <line number="112" hits="28" branch="True" condition-coverage="100% (2/2)">
                  <conditions>
                    <condition number="16" type="jump" coverage="100%" />
                  </conditions>
                </line>
                <line number="113" hits="3" branch="False" />
                <line number="114" hits="28" branch="True" condition-coverage="100% (2/2)">
                  <conditions>
                    <condition number="43" type="jump" coverage="100%" />
                  </conditions>
                </line>
                <line number="115" hits="1" branch="False" />
                <line number="117" hits="28" branch="False" />
                <line number="118" hits="28" branch="False" />
              </lines>
            </method>
            <method name="ValidarCalificacion" signature="(System.Double)" line-rate="1" branch-rate="1" complexity="4">
              <lines>
                <line number="120" hits="28" branch="False" />
                <line number="121" hits="28" branch="False" />
                <line number="123" hits="28" branch="True" condition-coverage="100% (2/2)">
                  <conditions>
                    <condition number="21" type="jump" coverage="100%" />
                  </conditions>
                </line>
                <line number="124" hits="2" branch="False" />
                <line number="125" hits="28" branch="True" condition-coverage="100% (2/2)">
                  <conditions>
                    <condition number="49" type="jump" coverage="100%" />
                  </conditions>
                </line>
                <line number="126" hits="1" branch="False" />
                <line number="128" hits="28" branch="False" />
                <line number="129" hits="28" branch="False" />
              </lines>
            </method>
          </methods>
          <lines>
            <line number="7" hits="28" branch="False" />
            <line number="8" hits="28" branch="False" />
            <line number="10" hits="28" branch="False" />
            <line number="11" hits="28" branch="False" />
            <line number="12" hits="28" branch="False" />
            <line number="13" hits="28" branch="False" />
            <line number="14" hits="28" branch="False" />
            <line number="15" hits="28" branch="False" />
            <line number="17" hits="28" branch="False" />
            <line number="18" hits="28" branch="False" />
            <line number="20" hits="28" branch="False" />
            <line number="21" hits="28" branch="False" />
            <line number="23" hits="28" branch="True" condition-coverage="100% (2/2)">
              <conditions>
                <condition number="15" type="jump" coverage="100%" />
              </conditions>
            </line>
            <line number="24" hits="2" branch="False" />
            <line number="25" hits="26" branch="True" condition-coverage="100% (2/2)">
              <conditions>
                <condition number="42" type="jump" coverage="100%" />
              </conditions>
            </line>
            <line number="26" hits="1" branch="False" />
            <line number="27" hits="25" branch="True" condition-coverage="50% (1/2)">
              <conditions>
                <condition number="70" type="jump" coverage="50%" />
              </conditions>
            </line>
            <line number="28" hits="0" branch="False" />
            <line number="30" hits="28" branch="False" />
            <line number="31" hits="28" branch="False" />
            <line number="33" hits="28" branch="False" />
            <line number="34" hits="28" branch="False" />
            <line number="36" hits="29" branch="True" condition-coverage="100% (2/2)">
              <conditions>
                <condition number="15" type="jump" coverage="100%" />
              </conditions>
            </line>
            <line number="37" hits="1" branch="False" />
            <line number="38" hits="1" branch="False" />
            <line number="39" hits="27" branch="False" />
            <line number="40" hits="27" branch="True" condition-coverage="100% (2/2)">
              <conditions>
                <condition number="53" type="jump" coverage="100%" />
              </conditions>
            </line>
            <line number="41" hits="2" branch="False" />
            <line number="42" hits="27" branch="True" condition-coverage="100% (2/2)">
              <conditions>
                <condition number="83" type="jump" coverage="100%" />
              </conditions>
            </line>
            <line number="43" hits="2" branch="False" />
            <line number="44" hits="27" branch="True" condition-coverage="50% (2/4)">
              <conditions>
                <condition number="108" type="jump" coverage="50%" />
                <condition number="128" type="jump" coverage="50%" />
              </conditions>
            </line>
            <line number="45" hits="0" branch="False" />
            <line number="46" hits="27" branch="True" condition-coverage="100% (2/2)">
              <conditions>
                <condition number="170" type="jump" coverage="100%" />
              </conditions>
            </line>
            <line number="47" hits="1" branch="False" />
            <line number="48" hits="27" branch="False" />
            <line number="50" hits="28" branch="False" />
            <line number="51" hits="28" branch="False" />
            <line number="53" hits="28" branch="False" />
            <line number="54" hits="28" branch="False" />
            <line number="56" hits="28" branch="True" condition-coverage="50% (1/2)">
              <conditions>
                <condition number="15" type="jump" coverage="50%" />
              </conditions>
            </line>
            <line number="57" hits="0" branch="False" />
            <line number="58" hits="0" branch="False" />
            <line number="59" hits="28" branch="False" />
            <line number="60" hits="28" branch="True" condition-coverage="100% (2/2)">
              <conditions>
                <condition number="48" type="jump" coverage="100%" />
              </conditions>
            </line>
            <line number="61" hits="2" branch="False" />
            <line number="62" hits="28" branch="True" condition-coverage="50% (1/2)">
              <conditions>
                <condition number="74" type="jump" coverage="50%" />
              </conditions>
            </line>
            <line number="63" hits="0" branch="False" />
            <line number="64" hits="28" branch="True" condition-coverage="100% (2/2)">
              <conditions>
                <condition number="128" type="jump" coverage="100%" />
              </conditions>
            </line>
            <line number="65" hits="2" branch="False" />
            <line number="66" hits="28" branch="True" condition-coverage="100% (2/2)">
              <conditions>
                <condition number="182" type="jump" coverage="100%" />
              </conditions>
            </line>
            <line number="67" hits="1" branch="False" />
            <line number="68" hits="28" branch="True" condition-coverage="100% (2/2)">
              <conditions>
                <condition number="236" type="jump" coverage="100%" />
              </conditions>
            </line>
            <line number="69" hits="2" branch="False" />
            <line number="70" hits="302" branch="True" condition-coverage="100% (2/2)">
              <conditions>
                <condition number="294" type="jump" coverage="100%" />
              </conditions>
            </line>
            <line number="71" hits="2" branch="False" />
            <line number="72" hits="28" branch="False" />
            <line number="74" hits="28" branch="False" />
            <line number="75" hits="28" branch="False" />
            <line number="77" hits="28" branch="False" />
            <line number="78" hits="28" branch="False" />
            <line number="80" hits="29" branch="True" condition-coverage="100% (2/2)">
              <conditions>
                <condition number="17" type="jump" coverage="100%" />
              </conditions>
            </line>
            <line number="81" hits="1" branch="False" />
            <line number="82" hits="1" branch="False" />
            <line number="85" hits="29" branch="True" condition-coverage="100% (2/2)">
              <conditions>
                <condition number="57" type="jump" coverage="100%" />
              </conditions>
            </line>
            <line number="86" hits="2" branch="False" />
            <line number="87" hits="2" branch="False" />
            <line number="90" hits="25" branch="False" />
            <line number="91" hits="25" branch="False" />
            <line number="93" hits="26" branch="True" condition-coverage="100% (2/2)">
              <conditions>
                <condition number="120" type="jump" coverage="100%" />
              </conditions>
            </line>
            <line number="94" hits="1" branch="False" />
            <line number="95" hits="1" branch="False" />
            <line number="98" hits="24" branch="False" />
            <line number="99" hits="48" branch="True" condition-coverage="100% (2/2)">
              <conditions>
                <condition number="158" type="jump" coverage="100%" />
              </conditions>
            </line>
            <line number="100" hits="24" branch="False" />
            <line number="101" hits="24" branch="False" />
            <line number="102" hits="24" branch="True" condition-coverage="100% (2/2)">
              <conditions>
                <condition number="190" type="jump" coverage="100%" />
              </conditions>
            </line>
            <line number="103" hits="16" branch="False" />
            <line number="104" hits="24" branch="False" />
            <line number="106" hits="24" branch="False" />
            <line number="107" hits="28" branch="False" />
            <line number="109" hits="28" branch="False" />
            <line number="110" hits="28" branch="False" />
            <line number="112" hits="28" branch="True" condition-coverage="100% (2/2)">
              <conditions>
                <condition number="16" type="jump" coverage="100%" />
              </conditions>
            </line>
            <line number="113" hits="3" branch="False" />
            <line number="114" hits="28" branch="True" condition-coverage="100% (2/2)">
              <conditions>
                <condition number="43" type="jump" coverage="100%" />
              </conditions>
            </line>
            <line number="115" hits="1" branch="False" />
            <line number="117" hits="28" branch="False" />
            <line number="118" hits="28" branch="False" />
            <line number="120" hits="28" branch="False" />
            <line number="121" hits="28" branch="False" />
            <line number="123" hits="28" branch="True" condition-coverage="100% (2/2)">
              <conditions>
                <condition number="21" type="jump" coverage="100%" />
              </conditions>
            </line>
            <line number="124" hits="2" branch="False" />
            <line number="125" hits="28" branch="True" condition-coverage="100% (2/2)">
              <conditions>
                <condition number="49" type="jump" coverage="100%" />
              </conditions>
            </line>
            <line number="126" hits="1" branch="False" />
            <line number="128" hits="28" branch="False" />
            <line number="129" hits="28" branch="False" />
          </lines>
        </class>
        <class name="TestDobles.Services.PersonaService" filename="Services\PersonaService.cs" line-rate="1" branch-rate="1" complexity="14">
          <methods>
            <method name="GetAll" signature="()" line-rate="1" branch-rate="1" complexity="1">
              <lines>
                <line number="12" hits="1" branch="False" />
                <line number="13" hits="1" branch="False" />
                <line number="14" hits="1" branch="False" />
              </lines>
            </method>
            <method name="GetById" signature="(System.Int32)" line-rate="1" branch-rate="1" complexity="2">
              <lines>
                <line number="16" hits="2" branch="False" />
                <line number="17" hits="2" branch="False" />
                <line number="18" hits="2" branch="True" condition-coverage="100% (2/2)">
                  <conditions>
                    <condition number="16" type="jump" coverage="100%" />
                  </conditions>
                </line>
                <line number="19" hits="1" branch="False" />
              </lines>
            </method>
            <method name="FindByEmail" signature="(System.String)" line-rate="1" branch-rate="1" complexity="2">
              <lines>
                <line number="21" hits="2" branch="False" />
                <line number="22" hits="2" branch="False" />
                <line number="23" hits="2" branch="True" condition-coverage="100% (2/2)">
                  <conditions>
                    <condition number="16" type="jump" coverage="100%" />
                  </conditions>
                </line>
                <line number="24" hits="1" branch="False" />
              </lines>
            </method>
            <method name="Create" signature="(TestDobles.Models.Persona)" line-rate="1" branch-rate="1" complexity="2">
              <lines>
                <line number="26" hits="2" branch="False" />
                <line number="27" hits="2" branch="False" />
                <line number="28" hits="2" branch="True" condition-coverage="100% (2/2)">
                  <conditions>
                    <condition number="20" type="jump" coverage="100%" />
                  </conditions>
                </line>
                <line number="29" hits="1" branch="False" />
              </lines>
            </method>
            <method name="Update" signature="(System.Int32,TestDobles.Models.Persona)" line-rate="1" branch-rate="1" complexity="4">
              <lines>
                <line number="31" hits="3" branch="False" />
                <line number="32" hits="3" branch="False" />
                <line number="33" hits="3" branch="True" condition-coverage="100% (2/2)">
                  <conditions>
                    <condition number="22" type="jump" coverage="100%" />
                  </conditions>
                </line>
                <line number="34" hits="1" branch="False" />
                <line number="36" hits="2" branch="False" />
                <line number="37" hits="2" branch="True" condition-coverage="100% (2/2)">
                  <conditions>
                    <condition number="47" type="jump" coverage="100%" />
                  </conditions>
                </line>
                <line number="38" hits="1" branch="False" />
              </lines>
            </method>
            <method name="Delete" signature="(System.Int32,System.Boolean)" line-rate="1" branch-rate="1" complexity="2">
              <lines>
                <line number="40" hits="2" branch="False" />
                <line number="41" hits="2" branch="False" />
                <line number="42" hits="2" branch="True" condition-coverage="100% (2/2)">
                  <conditions>
                    <condition number="17" type="jump" coverage="100%" />
                  </conditions>
                </line>
                <line number="43" hits="1" branch="False" />
              </lines>
            </method>
            <method name=".ctor" signature="(TestDobles.Repositories.IPersonaRepository,TestDobles.Validators.IPersonaValidator)" line-rate="1" branch-rate="1" complexity="1">
              <lines>
                <line number="8" hits="12" branch="False" />
                <line number="9" hits="12" branch="False" />
                <line number="10" hits="12" branch="False" />
                <line number="11" hits="12" branch="False" />
              </lines>
            </method>
          </methods>
          <lines>
            <line number="12" hits="1" branch="False" />
            <line number="13" hits="1" branch="False" />
            <line number="14" hits="1" branch="False" />
            <line number="16" hits="2" branch="False" />
            <line number="17" hits="2" branch="False" />
            <line number="18" hits="2" branch="True" condition-coverage="100% (2/2)">
              <conditions>
                <condition number="16" type="jump" coverage="100%" />
              </conditions>
            </line>
            <line number="19" hits="1" branch="False" />
            <line number="21" hits="2" branch="False" />
            <line number="22" hits="2" branch="False" />
            <line number="23" hits="2" branch="True" condition-coverage="100% (2/2)">
              <conditions>
                <condition number="16" type="jump" coverage="100%" />
              </conditions>
            </line>
            <line number="24" hits="1" branch="False" />
            <line number="26" hits="2" branch="False" />
            <line number="27" hits="2" branch="False" />
            <line number="28" hits="2" branch="True" condition-coverage="100% (2/2)">
              <conditions>
                <condition number="20" type="jump" coverage="100%" />
              </conditions>
            </line>
            <line number="29" hits="1" branch="False" />
            <line number="31" hits="3" branch="False" />
            <line number="32" hits="3" branch="False" />
            <line number="33" hits="3" branch="True" condition-coverage="100% (2/2)">
              <conditions>
                <condition number="22" type="jump" coverage="100%" />
              </conditions>
            </line>
            <line number="34" hits="1" branch="False" />
            <line number="36" hits="2" branch="False" />
            <line number="37" hits="2" branch="True" condition-coverage="100% (2/2)">
              <conditions>
                <condition number="47" type="jump" coverage="100%" />
              </conditions>
            </line>
            <line number="38" hits="1" branch="False" />
            <line number="40" hits="2" branch="False" />
            <line number="41" hits="2" branch="False" />
            <line number="42" hits="2" branch="True" condition-coverage="100% (2/2)">
              <conditions>
                <condition number="17" type="jump" coverage="100%" />
              </conditions>
            </line>
            <line number="43" hits="1" branch="False" />
            <line number="8" hits="12" branch="False" />
            <line number="9" hits="12" branch="False" />
            <line number="10" hits="12" branch="False" />
            <line number="11" hits="12" branch="False" />
          </lines>
        </class>
        <class name="TestDobles.Repositories.PersonaRepository" filename="Repositories\PersonaRepository.cs" line-rate="1" branch-rate="1" complexity="11">
          <methods>
            <method name="GetAll" signature="()" line-rate="1" branch-rate="1" complexity="1">
              <lines>
                <line number="9" hits="1" branch="False" />
                <line number="10" hits="1" branch="False" />
                <line number="11" hits="1" branch="False" />
              </lines>
            </method>
            <method name="GetById" signature="(System.Int32)" line-rate="1" branch-rate="1" complexity="1">
              <lines>
                <line number="13" hits="3" branch="False" />
                <line number="14" hits="3" branch="False" />
                <line number="15" hits="3" branch="False" />
              </lines>
            </method>
            <method name="Create" signature="(TestDobles.Models.Persona)" line-rate="1" branch-rate="1" complexity="1">
              <lines>
                <line number="17" hits="12" branch="False" />
                <line number="18" hits="12" branch="False" />
                <line number="19" hits="12" branch="False" />
                <line number="20" hits="12" branch="False" />
                <line number="21" hits="12" branch="False" />
                <line number="22" hits="12" branch="False" />
              </lines>
            </method>
            <method name="Update" signature="(System.Int32,TestDobles.Models.Persona)" line-rate="1" branch-rate="1" complexity="2">
              <lines>
                <line number="24" hits="2" branch="False" />
                <line number="25" hits="2" branch="True" condition-coverage="100% (2/2)">
                  <conditions>
                    <condition number="18" type="jump" coverage="100%" />
                  </conditions>
                </line>
                <line number="26" hits="1" branch="False" />
                <line number="28" hits="1" branch="False" />
                <line number="29" hits="1" branch="False" />
                <line number="30" hits="1" branch="False" />
                <line number="31" hits="2" branch="False" />
              </lines>
            </method>
            <method name="Delete" signature="(System.Int32,System.Boolean)" line-rate="1" branch-rate="1" complexity="4">
              <lines>
                <line number="33" hits="5" branch="False" />
                <line number="34" hits="5" branch="True" condition-coverage="100% (2/2)">
                  <conditions>
                    <condition number="20" type="jump" coverage="100%" />
                  </conditions>
                </line>
                <line number="35" hits="2" branch="False" />
                <line number="37" hits="4" branch="True" condition-coverage="100% (2/2)">
                  <conditions>
                    <condition number="29" type="jump" coverage="100%" />
                  </conditions>
                </line>
                <line number="38" hits="1" branch="False" />
                <line number="39" hits="1" branch="False" />
                <line number="40" hits="1" branch="False" />
                <line number="43" hits="2" branch="False" />
                <line number="44" hits="2" branch="False" />
                <line number="45" hits="5" branch="False" />
              </lines>
            </method>
            <method name="FindByEmail" signature="(System.String)" line-rate="1" branch-rate="1" complexity="1">
              <lines>
                <line number="47" hits="2" branch="False" />
                <line number="48" hits="3" branch="False" />
                <line number="49" hits="2" branch="False" />
              </lines>
            </method>
            <method name=".ctor" signature="()" line-rate="1" branch-rate="1" complexity="1">
              <lines>
                <line number="6" hits="13" branch="False" />
                <line number="7" hits="13" branch="False" />
              </lines>
            </method>
          </methods>
          <lines>
            <line number="9" hits="1" branch="False" />
            <line number="10" hits="1" branch="False" />
            <line number="11" hits="1" branch="False" />
            <line number="13" hits="3" branch="False" />
            <line number="14" hits="3" branch="False" />
            <line number="15" hits="3" branch="False" />
            <line number="17" hits="12" branch="False" />
            <line number="18" hits="12" branch="False" />
            <line number="19" hits="12" branch="False" />
            <line number="20" hits="12" branch="False" />
            <line number="21" hits="12" branch="False" />
            <line number="22" hits="12" branch="False" />
            <line number="24" hits="2" branch="False" />
            <line number="25" hits="2" branch="True" condition-coverage="100% (2/2)">
              <conditions>
                <condition number="18" type="jump" coverage="100%" />
              </conditions>
            </line>
            <line number="26" hits="1" branch="False" />
            <line number="28" hits="1" branch="False" />
            <line number="29" hits="1" branch="False" />
            <line number="30" hits="1" branch="False" />
            <line number="31" hits="2" branch="False" />
            <line number="33" hits="5" branch="False" />
            <line number="34" hits="5" branch="True" condition-coverage="100% (2/2)">
              <conditions>
                <condition number="20" type="jump" coverage="100%" />
              </conditions>
            </line>
            <line number="35" hits="2" branch="False" />
            <line number="37" hits="4" branch="True" condition-coverage="100% (2/2)">
              <conditions>
                <condition number="29" type="jump" coverage="100%" />
              </conditions>
            </line>
            <line number="38" hits="1" branch="False" />
            <line number="39" hits="1" branch="False" />
            <line number="40" hits="1" branch="False" />
            <line number="43" hits="2" branch="False" />
            <line number="44" hits="2" branch="False" />
            <line number="45" hits="5" branch="False" />
            <line number="47" hits="2" branch="False" />
            <line number="48" hits="3" branch="False" />
            <line number="49" hits="2" branch="False" />
            <line number="6" hits="13" branch="False" />
            <line number="7" hits="13" branch="False" />
          </lines>
        </class>
        <class name="TestDobles.Models.Persona" filename="Models\Persona.cs" line-rate="1" branch-rate="1" complexity="20">
          <methods>
            <method name="get_Id" signature="()" line-rate="1" branch-rate="1" complexity="1">
              <lines>
                <line number="4" hits="25" branch="False" />
              </lines>
            </method>
            <method name="get_Nombre" signature="()" line-rate="1" branch-rate="1" complexity="1">
              <lines>
                <line number="5" hits="36" branch="False" />
              </lines>
            </method>
            <method name="get_Email" signature="()" line-rate="1" branch-rate="1" complexity="1">
              <lines>
                <line number="6" hits="31" branch="False" />
              </lines>
            </method>
            <method name="get_Password" signature="()" line-rate="1" branch-rate="1" complexity="1">
              <lines>
                <line number="7" hits="28" branch="False" />
              </lines>
            </method>
            <method name="get_Dni" signature="()" line-rate="1" branch-rate="1" complexity="1">
              <lines>
                <line number="8" hits="28" branch="False" />
              </lines>
            </method>
            <method name="get_Edad" signature="()" line-rate="1" branch-rate="1" complexity="1">
              <lines>
                <line number="9" hits="29" branch="False" />
              </lines>
            </method>
            <method name="get_Calificacion" signature="()" line-rate="1" branch-rate="1" complexity="1">
              <lines>
                <line number="10" hits="45" branch="False" />
              </lines>
            </method>
            <method name="get_IsDeleted" signature="()" line-rate="1" branch-rate="1" complexity="1">
              <lines>
                <line number="11" hits="73" branch="False" />
              </lines>
            </method>
            <method name="get_CalificacionTexto" signature="()" line-rate="1" branch-rate="1" complexity="1">
              <lines>
                <line number="12" hits="17" branch="False" />
              </lines>
            </method>
            <method name="CalcularCalificacion" signature="(System.Double)" line-rate="1" branch-rate="1" complexity="10">
              <lines>
                <line number="14" hits="17" branch="False" />
                <line number="15" hits="17" branch="True" condition-coverage="100% (10/10)">
                  <conditions>
                    <condition number="15" type="jump" coverage="100%" />
                    <condition number="27" type="jump" coverage="100%" />
                    <condition number="39" type="jump" coverage="100%" />
                    <condition number="51" type="jump" coverage="100%" />
                    <condition number="63" type="jump" coverage="100%" />
                  </conditions>
                </line>
                <line number="16" hits="6" branch="False" />
                <line number="17" hits="2" branch="False" />
                <line number="18" hits="3" branch="False" />
                <line number="19" hits="3" branch="False" />
                <line number="20" hits="3" branch="False" />
                <line number="21" hits="17" branch="False" />
                <line number="22" hits="11" branch="False" />
              </lines>
            </method>
            <method name=".ctor" signature="(System.Int32,System.String,System.String,System.String,System.String,System.Int32,System.Double,System.Boolean)" line-rate="1" branch-rate="1" complexity="1">
              <lines>
                <line number="3" hits="71" branch="False" />
              </lines>
            </method>
          </methods>
          <lines>
            <line number="4" hits="25" branch="False" />
            <line number="5" hits="36" branch="False" />
            <line number="6" hits="31" branch="False" />
            <line number="7" hits="28" branch="False" />
            <line number="8" hits="28" branch="False" />
            <line number="9" hits="29" branch="False" />
            <line number="10" hits="45" branch="False" />
            <line number="11" hits="73" branch="False" />
            <line number="12" hits="17" branch="False" />
            <line number="14" hits="17" branch="False" />
            <line number="15" hits="17" branch="True" condition-coverage="100% (10/10)">
              <conditions>
                <condition number="15" type="jump" coverage="100%" />
                <condition number="27" type="jump" coverage="100%" />
                <condition number="39" type="jump" coverage="100%" />
                <condition number="51" type="jump" coverage="100%" />
                <condition number="63" type="jump" coverage="100%" />
              </conditions>
            </line>
            <line number="16" hits="6" branch="False" />
            <line number="17" hits="2" branch="False" />
            <line number="18" hits="3" branch="False" />
            <line number="19" hits="3" branch="False" />
            <line number="20" hits="3" branch="False" />
            <line number="21" hits="17" branch="False" />
            <line number="22" hits="11" branch="False" />
            <line number="3" hits="71" branch="False" />
          </lines>
        </class>
        <class name="TestDobles.Exceptions.PersonaException" filename="Exceptions\PersonaException.cs" line-rate="1" branch-rate="1" complexity="1">
          <methods>
            <method name=".ctor" signature="(System.String)" line-rate="1" branch-rate="1" complexity="1">
              <lines>
                <line number="3" hits="6" branch="False" />
              </lines>
            </method>
          </methods>
          <lines>
            <line number="3" hits="6" branch="False" />
          </lines>
        </class>
        <class name="TestDobles.Exceptions.PersonaException/NotFound" filename="Exceptions\PersonaException.cs" line-rate="1" branch-rate="1" complexity="1">
          <methods>
            <method name=".ctor" signature="(System.Int32)" line-rate="1" branch-rate="1" complexity="1">
              <lines>
                <line number="6" hits="3" branch="False" />
              </lines>
            </method>
          </methods>
          <lines>
            <line number="6" hits="3" branch="False" />
          </lines>
        </class>
        <class name="TestDobles.Exceptions.PersonaException/NotFoundEmail" filename="Exceptions\PersonaException.cs" line-rate="1" branch-rate="1" complexity="1">
          <methods>
            <method name=".ctor" signature="(System.String)" line-rate="1" branch-rate="1" complexity="1">
              <lines>
                <line number="9" hits="1" branch="False" />
              </lines>
            </method>
          </methods>
          <lines>
            <line number="9" hits="1" branch="False" />
          </lines>
        </class>
        <class name="TestDobles.Exceptions.PersonaException/Validation" filename="Exceptions\PersonaException.cs" line-rate="1" branch-rate="1" complexity="2">
          <methods>
            <method name="get_Errores" signature="()" line-rate="1" branch-rate="1" complexity="1">
              <lines>
                <line number="14" hits="3" branch="False" />
              </lines>
            </method>
            <method name=".ctor" signature="(System.Collections.Generic.IEnumerable`1&lt;System.String&gt;)" line-rate="1" branch-rate="1" complexity="1">
              <lines>
                <line number="12" hits="2" branch="False" />
              </lines>
            </method>
          </methods>
          <lines>
            <line number="14" hits="3" branch="False" />
            <line number="12" hits="2" branch="False" />
          </lines>
        </class>
      </classes>
    </package>
  </packages>
</coverage>